<?xml version="1.0" encoding="UTF-8" ?>
<testsuite tests="11" failures="1" name="TestSuite" time="193.283" errors="0" skipped="10">
  <properties>
    <property name="java.runtime.name" value="Java(TM) SE Runtime Environment"/>
    <property name="sun.boot.library.path" value="C:\Program Files\Java\jdk1.8.0_151\jre\bin"/>
    <property name="java.vm.version" value="25.151-b12"/>
    <property name="java.vm.vendor" value="Oracle Corporation"/>
    <property name="maven.multiModuleProjectDirectory" value="C:\Users\Easy\Documents\qa-test-mfl\qa-test-mfl"/>
    <property name="java.vendor.url" value="http://java.oracle.com/"/>
    <property name="path.separator" value=";"/>
    <property name="guice.disable.misplaced.annotation.check" value="true"/>
    <property name="java.vm.name" value="Java HotSpot(TM) 64-Bit Server VM"/>
    <property name="file.encoding.pkg" value="sun.io"/>
    <property name="user.script" value=""/>
    <property name="user.country" value="US"/>
    <property name="sun.java.launcher" value="SUN_STANDARD"/>
    <property name="sun.os.patch.level" value=""/>
    <property name="java.vm.specification.name" value="Java Virtual Machine Specification"/>
    <property name="user.dir" value="C:\Users\Easy\Documents\qa-test-mfl\qa-test-mfl"/>
    <property name="java.runtime.version" value="1.8.0_151-b12"/>
    <property name="java.awt.graphicsenv" value="sun.awt.Win32GraphicsEnvironment"/>
    <property name="java.endorsed.dirs" value="C:\Program Files\Java\jdk1.8.0_151\jre\lib\endorsed"/>
    <property name="os.arch" value="amd64"/>
    <property name="java.io.tmpdir" value="C:\Users\Easy\AppData\Local\Temp\"/>
    <property name="line.separator" value="
"/>
    <property name="java.vm.specification.vendor" value="Oracle Corporation"/>
    <property name="user.variant" value=""/>
    <property name="os.name" value="Windows 8.1"/>
    <property name="classworlds.conf" value="C:\Users\Easy\eclipse-workspace\.metadata\.plugins\org.eclipse.m2e.launching\launches\m2conf8434578445375878188.tmp"/>
    <property name="sun.jnu.encoding" value="Cp1252"/>
    <property name="java.library.path" value="C:\Program Files\Java\jdk1.8.0_151\bin;C:\Windows\Sun\Java\bin;C:\Windows\system32;C:\Windows;C:\ProgramData\Oracle\Java\javapath;C:\Windows\system32;C:\Windows;C:\Windows\System32\Wbem;C:\Windows\System32\WindowsPowerShell\v1.0\;C:\Program Files\Java\jdk1.8.0_151\bin;C:\Users\Easy\AppData\Local\Android\Sdk\tools\bin;C:\appium\Sdk\tools;C:\appium\Sdk\platform-tools;C:\Program Files\nodejs\;C:\Program Files\nodejs\node_modules\npm\bin;C:\apache-maven-3.5.2-bin\apache-maven-3.5.2\bin;C:\apache-ant-1.9.10-bin (1)\apache-ant-1.9.10\bin;C:\Users\Easy\Desktop\axis2-1.6.2\bin;C:\Program Files\Git\cmd;C:\Ruby24-x64\bin;C:\chromedriver_win32;C:\Users\Easy\AppData\Roaming\npm;C:\Program Files\Microsoft VS Code\bin;."/>
    <property name="java.specification.name" value="Java Platform API Specification"/>
    <property name="java.class.version" value="52.0"/>
    <property name="sun.management.compiler" value="HotSpot 64-Bit Tiered Compilers"/>
    <property name="os.version" value="6.3"/>
    <property name="user.home" value="C:\Users\Easy"/>
    <property name="user.timezone" value="America/New_York"/>
    <property name="java.awt.printerjob" value="sun.awt.windows.WPrinterJob"/>
    <property name="java.specification.version" value="1.8"/>
    <property name="file.encoding" value="Cp1252"/>
    <property name="user.name" value="Easy"/>
    <property name="java.class.path" value="C:\eclipse-jee-oxygen-2-win32-x86_64 (1)\eclipse\plugins\org.eclipse.m2e.maven.runtime_1.8.3.20180227-2135\jars\plexus-classworlds-2.5.2.jar"/>
    <property name="java.vm.specification.version" value="1.8"/>
    <property name="sun.arch.data.model" value="64"/>
    <property name="java.home" value="C:\Program Files\Java\jdk1.8.0_151\jre"/>
    <property name="sun.java.command" value="org.codehaus.plexus.classworlds.launcher.Launcher -B test"/>
    <property name="java.specification.vendor" value="Oracle Corporation"/>
    <property name="user.language" value="en"/>
    <property name="awt.toolkit" value="sun.awt.windows.WToolkit"/>
    <property name="java.vm.info" value="mixed mode"/>
    <property name="java.version" value="1.8.0_151"/>
    <property name="java.ext.dirs" value="C:\Program Files\Java\jdk1.8.0_151\jre\lib\ext;C:\Windows\Sun\Java\lib\ext"/>
    <property name="sun.boot.class.path" value="C:\Program Files\Java\jdk1.8.0_151\jre\lib\resources.jar;C:\Program Files\Java\jdk1.8.0_151\jre\lib\rt.jar;C:\Program Files\Java\jdk1.8.0_151\jre\lib\sunrsasign.jar;C:\Program Files\Java\jdk1.8.0_151\jre\lib\jsse.jar;C:\Program Files\Java\jdk1.8.0_151\jre\lib\jce.jar;C:\Program Files\Java\jdk1.8.0_151\jre\lib\charsets.jar;C:\Program Files\Java\jdk1.8.0_151\jre\lib\jfr.jar;C:\Program Files\Java\jdk1.8.0_151\jre\classes"/>
    <property name="java.vendor" value="Oracle Corporation"/>
    <property name="maven.home" value="C:\Users\Easy\Documents\qa-test-mfl\qa-test-mfl\EMBEDDED"/>
    <property name="file.separator" value="\"/>
    <property name="java.vendor.url.bug" value="http://bugreport.sun.com/bugreport/"/>
    <property name="sun.cpu.endian" value="little"/>
    <property name="sun.io.unicode.encoding" value="UnicodeLittle"/>
    <property name="sun.desktop" value="windows"/>
    <property name="sun.cpu.isalist" value="amd64"/>
  </properties>
  <testcase classname="org.naic.mfl.se.challenge.ChekOutTest" name="setUp" time="17.526">
    <failure message="org.openqa.selenium.remote.RemoteWebDriver$RemoteWebDriverOptions$RemoteTimeouts cannot be cast to org.openqa.selenium.support.ui.WebDriverWait" type="java.lang.ClassCastException">java.lang.ClassCastException: org.openqa.selenium.remote.RemoteWebDriver$RemoteWebDriverOptions$RemoteTimeouts cannot be cast to org.openqa.selenium.support.ui.WebDriverWait
	at utility.BrowserFactory.start_Browser(BrowserFactory.java:35)
	at org.naic.mfl.se.challenge.ChekOutTest.setUp(ChekOutTest.java:21)
</failure>
    <system-out>Configuring TestNG with: org.apache.maven.surefire.testng.conf.TestNG652Configurator@1e81f4dc
</system-out>
    <system-err>Starting ChromeDriver 2.38.552522 (437e6fbedfa8762dec75e2c5b3ddb86763dc9dcb) on port 43656
Only local connections are allowed.
Jul 05, 2018 7:18:51 PM org.openqa.selenium.remote.ProtocolHandshake createSession
INFO: Detected dialect: OSS
</system-err>
  </testcase>
  <testcase classname="org.naic.mfl.se.challenge.ChekOutTest" name="setUp" time="17.534">
    <skipped/>
  </testcase>
  <testcase classname="org.naic.mfl.se.challenge.ChekOutTest" name="setUp" time="17.534">
    <skipped/>
  </testcase>
  <testcase classname="org.naic.mfl.se.challenge.ChekOutTest" name="setUp" time="17.534">
    <skipped/>
  </testcase>
  <testcase classname="org.naic.mfl.se.challenge.LoginTest" name="chekForUser" time="17.589">
    <skipped/>
  </testcase>
  <testcase classname="org.naic.mfl.se.challenge.SignInTest" name="signInTest" time="17.589">
    <skipped/>
  </testcase>
  <testcase classname="org.naic.mfl.se.challenge.WebTest" name="checkoutTest" time="17.589">
    <skipped/>
  </testcase>
  <testcase classname="org.naic.mfl.se.challenge.WebTest" name="logInTest" time="17.589">
    <skipped/>
  </testcase>
  <testcase classname="org.naic.mfl.se.challenge.WebTest" name="signInTest" time="17.589">
    <skipped/>
  </testcase>
  <testcase classname="org.naic.mfl.se.challenge.ChekOutTest" name="closeBrowser" time="17.605">
    <skipped/>
  </testcase>
  <testcase classname="org.naic.mfl.se.challenge.ChekOutTest" name="closeBrowser" time="17.605">
    <skipped/>
  </testcase>
</testsuite>